[2025-09-13 04:15:36] Notification bell clicked
[2025-09-13 04:15:36] Attempting to open notification center...
[2025-09-13 04:15:36] Method 1 (bundle ID) succeeded
[2025-09-13 04:15:38] Notification bell clicked
[2025-09-13 04:15:38] Attempting to open notification center...
[2025-09-13 04:15:38] Method 1 (bundle ID) succeeded
[2025-09-13 04:15:40] Notification bell clicked
[2025-09-13 04:15:40] Attempting to open notification center...
[2025-09-13 04:15:40] Method 1 (bundle ID) succeeded
[2025-09-13 04:15:41] Notification bell clicked
[2025-09-13 04:15:41] Attempting to open notification center...
[2025-09-13 04:15:41] Method 1 (bundle ID) succeeded
[2025-09-13 04:17:31] Notification bell clicked
[2025-09-13 04:17:31] macOS Version: 15.5
[2025-09-13 04:17:31] Trying Control Center menu bar click...
[2025-09-13 04:17:31] Control Center method succeeded
[2025-09-13 04:17:35] Notification bell clicked
[2025-09-13 04:17:35] macOS Version: 15.5
[2025-09-13 04:17:35] Trying Control Center menu bar click...
[2025-09-13 04:17:35] Control Center method succeeded
[2025-09-13 04:17:38] Notification bell clicked
[2025-09-13 04:17:38] macOS Version: 15.5
[2025-09-13 04:17:38] Trying Control Center menu bar click...
[2025-09-13 04:17:39] Control Center method succeeded
[2025-09-13 04:22:05] Notification bell clicked
[2025-09-13 04:22:05] macOS Version: 15.5
[2025-09-13 04:22:05] Opening System Settings Notifications...
[2025-09-13 04:22:05] System Settings method succeeded
[2025-09-13 04:22:08] Notification bell clicked
[2025-09-13 04:22:08] macOS Version: 15.5
[2025-09-13 04:22:08] Opening System Settings Notifications...
[2025-09-13 04:22:09] System Settings method succeeded
[2025-09-13 04:23:54] Notification bell clicked
[2025-09-13 04:23:54] macOS Version: 15.5
[2025-09-13 04:23:54] Trying notification history access...
[2025-09-13 04:23:54] Notification history method succeeded
[2025-09-13 04:23:58] Notification bell clicked
[2025-09-13 04:23:58] macOS Version: 15.5
[2025-09-13 04:23:58] Trying notification history access...
[2025-09-13 04:23:58] Notification history method succeeded
